<?xml version="1.0" encoding="UTF-8"?>
<testng-results skipped="1" failed="2" ignored="0" total="7" passed="4">
  <reporter-output>
  </reporter-output>
  <suite name="TestNG Projekat" duration-ms="72529" started-at="2020-04-11T14:45:59 CEST" finished-at="2020-04-11T14:47:11 CEST">
    <groups>
    </groups>
    <test name="ALL Tests" duration-ms="72529" started-at="2020-04-11T14:45:59 CEST" finished-at="2020-04-11T14:47:11 CEST">
      <class name="TestSummerDresses">
        <test-method status="PASS" signature="openSummerdressesURL()[pri:0, instance:TestSummerDresses@57e1b0c]" name="openSummerdressesURL" is-config="true" duration-ms="4186" started-at="2020-04-11T14:46:24 CEST" finished-at="2020-04-11T14:46:28 CEST">
          <reporter-output>
          </reporter-output>
        </test-method> <!-- openSummerdressesURL -->
        <test-method status="PASS" signature="pickFirstSummerDress()[pri:0, instance:TestSummerDresses@57e1b0c]" name="pickFirstSummerDress" duration-ms="7151" started-at="2020-04-11T14:46:28 CEST" finished-at="2020-04-11T14:46:36 CEST">
          <reporter-output>
          </reporter-output>
        </test-method> <!-- pickFirstSummerDress -->
        <test-method status="PASS" signature="closeSite()[pri:0, instance:TestSummerDresses@57e1b0c]" name="closeSite" is-config="true" duration-ms="861" started-at="2020-04-11T14:46:36 CEST" finished-at="2020-04-11T14:46:36 CEST">
          <reporter-output>
          </reporter-output>
        </test-method> <!-- closeSite -->
      </class> <!-- TestSummerDresses -->
      <class name="TestRegistration">
        <test-method status="PASS" signature="openBrowser()[pri:0, instance:TestRegistration@4232c52b]" name="openBrowser" is-config="true" duration-ms="4029" started-at="2020-04-11T14:46:36 CEST" finished-at="2020-04-11T14:46:40 CEST">
          <reporter-output>
          </reporter-output>
        </test-method> <!-- openBrowser -->
        <test-method status="FAIL" signature="registerOneAccount()[pri:0, instance:TestRegistration@4232c52b]" name="registerOneAccount" duration-ms="14717" started-at="2020-04-11T14:46:40 CEST" finished-at="2020-04-11T14:46:55 CEST">
          <exception class="org.openqa.selenium.WebDriverException">
            <message>
              <![CDATA[chrome not reachable
  (Session info: chrome=80.0.3987.163)
Build info: version: '3.141.59', revision: 'e82be7d358', time: '2018-11-14T08:25:48'
System info: host: 'IVANA-TOSHIBA', ip: '192.168.0.10', os.name: 'Windows 7', os.arch: 'amd64', os.version: '6.1', java.version: '1.8.0_201'
Driver info: org.openqa.selenium.chrome.ChromeDriver
Capabilities {acceptInsecureCerts: false, browserName: chrome, browserVersion: 80.0.3987.163, chrome: {chromedriverVersion: 80.0.3987.106 (f68069574609..., userDataDir: C:\Users\Ivana\AppData\Loca...}, goog:chromeOptions: {debuggerAddress: localhost:60557}, javascriptEnabled: true, networkConnectionEnabled: false, pageLoadStrategy: normal, platform: WINDOWS, platformName: WINDOWS, proxy: Proxy(), setWindowRect: true, strictFileInteractability: false, timeouts: {implicit: 0, pageLoad: 300000, script: 30000}, unhandledPromptBehavior: dismiss and notify}
Session ID: 9bf5ba62031f08b4e8496c297673ca4a
*** Element info: {Using=id, value=customer_firstname}]]>
            </message>
            <full-stacktrace>
              <![CDATA[org.openqa.selenium.WebDriverException: chrome not reachable
  (Session info: chrome=80.0.3987.163)
Build info: version: '3.141.59', revision: 'e82be7d358', time: '2018-11-14T08:25:48'
System info: host: 'IVANA-TOSHIBA', ip: '192.168.0.10', os.name: 'Windows 7', os.arch: 'amd64', os.version: '6.1', java.version: '1.8.0_201'
Driver info: org.openqa.selenium.chrome.ChromeDriver
Capabilities {acceptInsecureCerts: false, browserName: chrome, browserVersion: 80.0.3987.163, chrome: {chromedriverVersion: 80.0.3987.106 (f68069574609..., userDataDir: C:\Users\Ivana\AppData\Loca...}, goog:chromeOptions: {debuggerAddress: localhost:60557}, javascriptEnabled: true, networkConnectionEnabled: false, pageLoadStrategy: normal, platform: WINDOWS, platformName: WINDOWS, proxy: Proxy(), setWindowRect: true, strictFileInteractability: false, timeouts: {implicit: 0, pageLoad: 300000, script: 30000}, unhandledPromptBehavior: dismiss and notify}
Session ID: 9bf5ba62031f08b4e8496c297673ca4a
*** Element info: {Using=id, value=customer_firstname}
at sun.reflect.NativeConstructorAccessorImpl.newInstance0(Native Method)
at sun.reflect.NativeConstructorAccessorImpl.newInstance(NativeConstructorAccessorImpl.java:62)
at sun.reflect.DelegatingConstructorAccessorImpl.newInstance(DelegatingConstructorAccessorImpl.java:45)
at java.lang.reflect.Constructor.newInstance(Constructor.java:423)
at org.openqa.selenium.remote.http.W3CHttpResponseCodec.createException(W3CHttpResponseCodec.java:187)
at org.openqa.selenium.remote.http.W3CHttpResponseCodec.decode(W3CHttpResponseCodec.java:122)
at org.openqa.selenium.remote.http.W3CHttpResponseCodec.decode(W3CHttpResponseCodec.java:49)
at org.openqa.selenium.remote.HttpCommandExecutor.execute(HttpCommandExecutor.java:158)
at org.openqa.selenium.remote.service.DriverCommandExecutor.execute(DriverCommandExecutor.java:83)
at org.openqa.selenium.remote.RemoteWebDriver.execute(RemoteWebDriver.java:552)
at org.openqa.selenium.remote.RemoteWebDriver.findElement(RemoteWebDriver.java:323)
at org.openqa.selenium.remote.RemoteWebDriver.findElementById(RemoteWebDriver.java:372)
at org.openqa.selenium.By$ById.findElement(By.java:188)
at org.openqa.selenium.remote.RemoteWebDriver.findElement(RemoteWebDriver.java:315)
at org.openqa.selenium.support.ui.ExpectedConditions$7.apply(ExpectedConditions.java:205)
at org.openqa.selenium.support.ui.ExpectedConditions$7.apply(ExpectedConditions.java:201)
at org.openqa.selenium.support.ui.FluentWait.until(FluentWait.java:249)
at RegistrationPageObject.createAccount(RegistrationPageObject.java:38)
at TestRegistration.registerOneAccount(TestRegistration.java:37)
at sun.reflect.NativeMethodAccessorImpl.invoke0(Native Method)
at sun.reflect.NativeMethodAccessorImpl.invoke(NativeMethodAccessorImpl.java:62)
at sun.reflect.DelegatingMethodAccessorImpl.invoke(DelegatingMethodAccessorImpl.java:43)
at java.lang.reflect.Method.invoke(Method.java:498)
at org.testng.internal.MethodInvocationHelper.invokeMethod(MethodInvocationHelper.java:135)
at org.testng.internal.TestInvoker.invokeMethod(TestInvoker.java:598)
at org.testng.internal.TestInvoker.invokeTestMethod(TestInvoker.java:174)
at org.testng.internal.MethodRunner.runInSequence(MethodRunner.java:46)
at org.testng.internal.TestInvoker$MethodInvocationAgent.invoke(TestInvoker.java:821)
at org.testng.internal.TestInvoker.invokeTestMethods(TestInvoker.java:147)
at org.testng.internal.TestMethodWorker.invokeTestMethods(TestMethodWorker.java:146)
at org.testng.internal.TestMethodWorker.run(TestMethodWorker.java:128)
at java.util.ArrayList.forEach(ArrayList.java:1257)
at org.testng.TestRunner.privateRun(TestRunner.java:767)
at org.testng.TestRunner.run(TestRunner.java:588)
at org.testng.SuiteRunner.runTest(SuiteRunner.java:384)
at org.testng.SuiteRunner.runSequentially(SuiteRunner.java:378)
at org.testng.SuiteRunner.privateRun(SuiteRunner.java:337)
at org.testng.SuiteRunner.run(SuiteRunner.java:286)
at org.testng.SuiteRunnerWorker.runSuite(SuiteRunnerWorker.java:53)
at org.testng.SuiteRunnerWorker.run(SuiteRunnerWorker.java:96)
at org.testng.TestNG.runSuitesSequentially(TestNG.java:1214)
at org.testng.TestNG.runSuitesLocally(TestNG.java:1136)
at org.testng.TestNG.runSuites(TestNG.java:1066)
at org.testng.TestNG.run(TestNG.java:1034)
at org.testng.remote.AbstractRemoteTestNG.run(AbstractRemoteTestNG.java:115)
at org.testng.remote.RemoteTestNG.initAndRun(RemoteTestNG.java:251)
at org.testng.remote.RemoteTestNG.main(RemoteTestNG.java:77)
]]>
            </full-stacktrace>
          </exception> <!-- org.openqa.selenium.WebDriverException -->
          <reporter-output>
          </reporter-output>
        </test-method> <!-- registerOneAccount -->
        <test-method status="FAIL" signature="register30Accounts()[pri:1, instance:TestRegistration@4232c52b]" name="register30Accounts" duration-ms="7503" started-at="2020-04-11T14:46:55 CEST" finished-at="2020-04-11T14:47:03 CEST">
          <exception class="org.openqa.selenium.WebDriverException">
            <message>
              <![CDATA[chrome not reachable
  (Session info: chrome=80.0.3987.163)
Build info: version: '3.141.59', revision: 'e82be7d358', time: '2018-11-14T08:25:48'
System info: host: 'IVANA-TOSHIBA', ip: '192.168.0.10', os.name: 'Windows 7', os.arch: 'amd64', os.version: '6.1', java.version: '1.8.0_201'
Driver info: org.openqa.selenium.chrome.ChromeDriver
Capabilities {acceptInsecureCerts: false, browserName: chrome, browserVersion: 80.0.3987.163, chrome: {chromedriverVersion: 80.0.3987.106 (f68069574609..., userDataDir: C:\Users\Ivana\AppData\Loca...}, goog:chromeOptions: {debuggerAddress: localhost:60557}, javascriptEnabled: true, networkConnectionEnabled: false, pageLoadStrategy: normal, platform: WINDOWS, platformName: WINDOWS, proxy: Proxy(), setWindowRect: true, strictFileInteractability: false, timeouts: {implicit: 0, pageLoad: 300000, script: 30000}, unhandledPromptBehavior: dismiss and notify}
Session ID: 9bf5ba62031f08b4e8496c297673ca4a]]>
            </message>
            <full-stacktrace>
              <![CDATA[org.openqa.selenium.WebDriverException: chrome not reachable
  (Session info: chrome=80.0.3987.163)
Build info: version: '3.141.59', revision: 'e82be7d358', time: '2018-11-14T08:25:48'
System info: host: 'IVANA-TOSHIBA', ip: '192.168.0.10', os.name: 'Windows 7', os.arch: 'amd64', os.version: '6.1', java.version: '1.8.0_201'
Driver info: org.openqa.selenium.chrome.ChromeDriver
Capabilities {acceptInsecureCerts: false, browserName: chrome, browserVersion: 80.0.3987.163, chrome: {chromedriverVersion: 80.0.3987.106 (f68069574609..., userDataDir: C:\Users\Ivana\AppData\Loca...}, goog:chromeOptions: {debuggerAddress: localhost:60557}, javascriptEnabled: true, networkConnectionEnabled: false, pageLoadStrategy: normal, platform: WINDOWS, platformName: WINDOWS, proxy: Proxy(), setWindowRect: true, strictFileInteractability: false, timeouts: {implicit: 0, pageLoad: 300000, script: 30000}, unhandledPromptBehavior: dismiss and notify}
Session ID: 9bf5ba62031f08b4e8496c297673ca4a
at sun.reflect.NativeConstructorAccessorImpl.newInstance0(Native Method)
at sun.reflect.NativeConstructorAccessorImpl.newInstance(NativeConstructorAccessorImpl.java:62)
at sun.reflect.DelegatingConstructorAccessorImpl.newInstance(DelegatingConstructorAccessorImpl.java:45)
at java.lang.reflect.Constructor.newInstance(Constructor.java:423)
at org.openqa.selenium.remote.http.W3CHttpResponseCodec.createException(W3CHttpResponseCodec.java:187)
at org.openqa.selenium.remote.http.W3CHttpResponseCodec.decode(W3CHttpResponseCodec.java:122)
at org.openqa.selenium.remote.http.W3CHttpResponseCodec.decode(W3CHttpResponseCodec.java:49)
at org.openqa.selenium.remote.HttpCommandExecutor.execute(HttpCommandExecutor.java:158)
at org.openqa.selenium.remote.service.DriverCommandExecutor.execute(DriverCommandExecutor.java:83)
at org.openqa.selenium.remote.RemoteWebDriver.execute(RemoteWebDriver.java:552)
at org.openqa.selenium.remote.RemoteWebDriver.get(RemoteWebDriver.java:277)
at TestRegistration.register30Accounts(TestRegistration.java:48)
at sun.reflect.NativeMethodAccessorImpl.invoke0(Native Method)
at sun.reflect.NativeMethodAccessorImpl.invoke(NativeMethodAccessorImpl.java:62)
at sun.reflect.DelegatingMethodAccessorImpl.invoke(DelegatingMethodAccessorImpl.java:43)
at java.lang.reflect.Method.invoke(Method.java:498)
at org.testng.internal.MethodInvocationHelper.invokeMethod(MethodInvocationHelper.java:135)
at org.testng.internal.TestInvoker.invokeMethod(TestInvoker.java:598)
at org.testng.internal.TestInvoker.invokeTestMethod(TestInvoker.java:174)
at org.testng.internal.MethodRunner.runInSequence(MethodRunner.java:46)
at org.testng.internal.TestInvoker$MethodInvocationAgent.invoke(TestInvoker.java:821)
at org.testng.internal.TestInvoker.invokeTestMethods(TestInvoker.java:147)
at org.testng.internal.TestMethodWorker.invokeTestMethods(TestMethodWorker.java:146)
at org.testng.internal.TestMethodWorker.run(TestMethodWorker.java:128)
at java.util.ArrayList.forEach(ArrayList.java:1257)
at org.testng.TestRunner.privateRun(TestRunner.java:767)
at org.testng.TestRunner.run(TestRunner.java:588)
at org.testng.SuiteRunner.runTest(SuiteRunner.java:384)
at org.testng.SuiteRunner.runSequentially(SuiteRunner.java:378)
at org.testng.SuiteRunner.privateRun(SuiteRunner.java:337)
at org.testng.SuiteRunner.run(SuiteRunner.java:286)
at org.testng.SuiteRunnerWorker.runSuite(SuiteRunnerWorker.java:53)
at org.testng.SuiteRunnerWorker.run(SuiteRunnerWorker.java:96)
at org.testng.TestNG.runSuitesSequentially(TestNG.java:1214)
at org.testng.TestNG.runSuitesLocally(TestNG.java:1136)
at org.testng.TestNG.runSuites(TestNG.java:1066)
at org.testng.TestNG.run(TestNG.java:1034)
at org.testng.remote.AbstractRemoteTestNG.run(AbstractRemoteTestNG.java:115)
at org.testng.remote.RemoteTestNG.initAndRun(RemoteTestNG.java:251)
at org.testng.remote.RemoteTestNG.main(RemoteTestNG.java:77)
]]>
            </full-stacktrace>
          </exception> <!-- org.openqa.selenium.WebDriverException -->
          <reporter-output>
          </reporter-output>
        </test-method> <!-- register30Accounts -->
        <test-method status="PASS" signature="closeSite()[pri:0, instance:TestRegistration@4232c52b]" name="closeSite" is-config="true" duration-ms="731" started-at="2020-04-11T14:47:03 CEST" finished-at="2020-04-11T14:47:03 CEST">
          <reporter-output>
          </reporter-output>
        </test-method> <!-- closeSite -->
      </class> <!-- TestRegistration -->
      <class name="TestLogin">
        <test-method status="FAIL" signature="openBrowser()[pri:0, instance:TestLogin@1877ab81]" name="openBrowser" is-config="true" duration-ms="8028" started-at="2020-04-11T14:47:03 CEST" finished-at="2020-04-11T14:47:11 CEST">
          <exception class="org.openqa.selenium.SessionNotCreatedException">
            <message>
              <![CDATA[session not created
from chrome not reachable
  (Session info: chrome=80.0.3987.163)
Build info: version: '3.141.59', revision: 'e82be7d358', time: '2018-11-14T08:25:48'
System info: host: 'IVANA-TOSHIBA', ip: '192.168.0.10', os.name: 'Windows 7', os.arch: 'amd64', os.version: '6.1', java.version: '1.8.0_201'
Driver info: driver.version: ChromeDriver
remote stacktrace: Backtrace:
Ordinal0 [0x01430C83+1707139]
Ordinal0 [0x013968F1+1075441]
Ordinal0 [0x0130DE72+515698]
Ordinal0 [0x01307CA8+490664]
Ordinal0 [0x0130839B+492443]
Ordinal0 [0x013092F5+496373]
Ordinal0 [0x01304F05+478981]
Ordinal0 [0x0130ECA0+519328]
Ordinal0 [0x012BCA67+182887]
Ordinal0 [0x012BBDDD+179677]
Ordinal0 [0x012B9D4B+171339]
Ordinal0 [0x012A1D4A+73034]
Ordinal0 [0x012A2DC0+77248]
Ordinal0 [0x012A2D59+77145]
Ordinal0 [0x013ABB67+1162087]
GetHandleVerifier [0x014CA966+508998]
GetHandleVerifier [0x014CA6A4+508292]
GetHandleVerifier [0x014DF7B7+594583]
GetHandleVerifier [0x014CB1D6+511158]
Ordinal0 [0x013A402C+1130540]
Ordinal0 [0x013AD4CB+1168587]
Ordinal0 [0x013AD633+1168947]
Ordinal0 [0x013C5B35+1268533]
BaseThreadInitThunk [0x767D338A+18]
RtlInitializeExceptionChain [0x77469A02+99]
RtlInitializeExceptionChain [0x774699D5+54]
]]>
            </message>
            <full-stacktrace>
              <![CDATA[org.openqa.selenium.SessionNotCreatedException: session not created
from chrome not reachable
  (Session info: chrome=80.0.3987.163)
Build info: version: '3.141.59', revision: 'e82be7d358', time: '2018-11-14T08:25:48'
System info: host: 'IVANA-TOSHIBA', ip: '192.168.0.10', os.name: 'Windows 7', os.arch: 'amd64', os.version: '6.1', java.version: '1.8.0_201'
Driver info: driver.version: ChromeDriver
remote stacktrace: Backtrace:
Ordinal0 [0x01430C83+1707139]
Ordinal0 [0x013968F1+1075441]
Ordinal0 [0x0130DE72+515698]
Ordinal0 [0x01307CA8+490664]
Ordinal0 [0x0130839B+492443]
Ordinal0 [0x013092F5+496373]
Ordinal0 [0x01304F05+478981]
Ordinal0 [0x0130ECA0+519328]
Ordinal0 [0x012BCA67+182887]
Ordinal0 [0x012BBDDD+179677]
Ordinal0 [0x012B9D4B+171339]
Ordinal0 [0x012A1D4A+73034]
Ordinal0 [0x012A2DC0+77248]
Ordinal0 [0x012A2D59+77145]
Ordinal0 [0x013ABB67+1162087]
GetHandleVerifier [0x014CA966+508998]
GetHandleVerifier [0x014CA6A4+508292]
GetHandleVerifier [0x014DF7B7+594583]
GetHandleVerifier [0x014CB1D6+511158]
Ordinal0 [0x013A402C+1130540]
Ordinal0 [0x013AD4CB+1168587]
Ordinal0 [0x013AD633+1168947]
Ordinal0 [0x013C5B35+1268533]
BaseThreadInitThunk [0x767D338A+18]
RtlInitializeExceptionChain [0x77469A02+99]
RtlInitializeExceptionChain [0x774699D5+54]

at sun.reflect.NativeConstructorAccessorImpl.newInstance0(Native Method)
at sun.reflect.NativeConstructorAccessorImpl.newInstance(NativeConstructorAccessorImpl.java:62)
at sun.reflect.DelegatingConstructorAccessorImpl.newInstance(DelegatingConstructorAccessorImpl.java:45)
at java.lang.reflect.Constructor.newInstance(Constructor.java:423)
at org.openqa.selenium.remote.W3CHandshakeResponse.lambda$errorHandler$0(W3CHandshakeResponse.java:62)
at org.openqa.selenium.remote.HandshakeResponse.lambda$getResponseFunction$0(HandshakeResponse.java:30)
at org.openqa.selenium.remote.ProtocolHandshake.lambda$createSession$0(ProtocolHandshake.java:126)
at java.util.stream.ReferencePipeline$3$1.accept(ReferencePipeline.java:193)
at java.util.Spliterators$ArraySpliterator.tryAdvance(Spliterators.java:958)
at java.util.stream.ReferencePipeline.forEachWithCancel(ReferencePipeline.java:126)
at java.util.stream.AbstractPipeline.copyIntoWithCancel(AbstractPipeline.java:498)
at java.util.stream.AbstractPipeline.copyInto(AbstractPipeline.java:485)
at java.util.stream.AbstractPipeline.wrapAndCopyInto(AbstractPipeline.java:471)
at java.util.stream.FindOps$FindOp.evaluateSequential(FindOps.java:152)
at java.util.stream.AbstractPipeline.evaluate(AbstractPipeline.java:234)
at java.util.stream.ReferencePipeline.findFirst(ReferencePipeline.java:464)
at org.openqa.selenium.remote.ProtocolHandshake.createSession(ProtocolHandshake.java:128)
at org.openqa.selenium.remote.ProtocolHandshake.createSession(ProtocolHandshake.java:74)
at org.openqa.selenium.remote.HttpCommandExecutor.execute(HttpCommandExecutor.java:136)
at org.openqa.selenium.remote.service.DriverCommandExecutor.execute(DriverCommandExecutor.java:83)
at org.openqa.selenium.remote.RemoteWebDriver.execute(RemoteWebDriver.java:552)
at org.openqa.selenium.remote.RemoteWebDriver.startSession(RemoteWebDriver.java:213)
at org.openqa.selenium.remote.RemoteWebDriver.<init>(RemoteWebDriver.java:131)
at org.openqa.selenium.chrome.ChromeDriver.<init>(ChromeDriver.java:181)
at org.openqa.selenium.chrome.ChromeDriver.<init>(ChromeDriver.java:168)
at org.openqa.selenium.chrome.ChromeDriver.<init>(ChromeDriver.java:123)
at TestLogin.openBrowser(TestLogin.java:15)
at sun.reflect.NativeMethodAccessorImpl.invoke0(Native Method)
at sun.reflect.NativeMethodAccessorImpl.invoke(NativeMethodAccessorImpl.java:62)
at sun.reflect.DelegatingMethodAccessorImpl.invoke(DelegatingMethodAccessorImpl.java:43)
at java.lang.reflect.Method.invoke(Method.java:498)
at org.testng.internal.MethodInvocationHelper.invokeMethod(MethodInvocationHelper.java:135)
at org.testng.internal.MethodInvocationHelper.invokeMethodConsideringTimeout(MethodInvocationHelper.java:64)
at org.testng.internal.ConfigInvoker.invokeConfigurationMethod(ConfigInvoker.java:364)
at org.testng.internal.ConfigInvoker.invokeConfigurations(ConfigInvoker.java:318)
at org.testng.internal.TestMethodWorker.invokeBeforeClassMethods(TestMethodWorker.java:176)
at org.testng.internal.TestMethodWorker.run(TestMethodWorker.java:122)
at java.util.ArrayList.forEach(ArrayList.java:1257)
at org.testng.TestRunner.privateRun(TestRunner.java:767)
at org.testng.TestRunner.run(TestRunner.java:588)
at org.testng.SuiteRunner.runTest(SuiteRunner.java:384)
at org.testng.SuiteRunner.runSequentially(SuiteRunner.java:378)
at org.testng.SuiteRunner.privateRun(SuiteRunner.java:337)
at org.testng.SuiteRunner.run(SuiteRunner.java:286)
at org.testng.SuiteRunnerWorker.runSuite(SuiteRunnerWorker.java:53)
at org.testng.SuiteRunnerWorker.run(SuiteRunnerWorker.java:96)
at org.testng.TestNG.runSuitesSequentially(TestNG.java:1214)
at org.testng.TestNG.runSuitesLocally(TestNG.java:1136)
at org.testng.TestNG.runSuites(TestNG.java:1066)
at org.testng.TestNG.run(TestNG.java:1034)
at org.testng.remote.AbstractRemoteTestNG.run(AbstractRemoteTestNG.java:115)
at org.testng.remote.RemoteTestNG.initAndRun(RemoteTestNG.java:251)
at org.testng.remote.RemoteTestNG.main(RemoteTestNG.java:77)
]]>
            </full-stacktrace>
          </exception> <!-- org.openqa.selenium.SessionNotCreatedException -->
          <reporter-output>
          </reporter-output>
        </test-method> <!-- openBrowser -->
        <test-method status="SKIP" signature="loginTest()[pri:0, instance:TestLogin@1877ab81]" name="loginTest" duration-ms="0" started-at="2020-04-11T14:47:11 CEST" finished-at="2020-04-11T14:47:11 CEST">
          <exception class="org.openqa.selenium.SessionNotCreatedException">
            <message>
              <![CDATA[session not created
from chrome not reachable
  (Session info: chrome=80.0.3987.163)
Build info: version: '3.141.59', revision: 'e82be7d358', time: '2018-11-14T08:25:48'
System info: host: 'IVANA-TOSHIBA', ip: '192.168.0.10', os.name: 'Windows 7', os.arch: 'amd64', os.version: '6.1', java.version: '1.8.0_201'
Driver info: driver.version: ChromeDriver
remote stacktrace: Backtrace:
Ordinal0 [0x01430C83+1707139]
Ordinal0 [0x013968F1+1075441]
Ordinal0 [0x0130DE72+515698]
Ordinal0 [0x01307CA8+490664]
Ordinal0 [0x0130839B+492443]
Ordinal0 [0x013092F5+496373]
Ordinal0 [0x01304F05+478981]
Ordinal0 [0x0130ECA0+519328]
Ordinal0 [0x012BCA67+182887]
Ordinal0 [0x012BBDDD+179677]
Ordinal0 [0x012B9D4B+171339]
Ordinal0 [0x012A1D4A+73034]
Ordinal0 [0x012A2DC0+77248]
Ordinal0 [0x012A2D59+77145]
Ordinal0 [0x013ABB67+1162087]
GetHandleVerifier [0x014CA966+508998]
GetHandleVerifier [0x014CA6A4+508292]
GetHandleVerifier [0x014DF7B7+594583]
GetHandleVerifier [0x014CB1D6+511158]
Ordinal0 [0x013A402C+1130540]
Ordinal0 [0x013AD4CB+1168587]
Ordinal0 [0x013AD633+1168947]
Ordinal0 [0x013C5B35+1268533]
BaseThreadInitThunk [0x767D338A+18]
RtlInitializeExceptionChain [0x77469A02+99]
RtlInitializeExceptionChain [0x774699D5+54]
]]>
            </message>
            <full-stacktrace>
              <![CDATA[org.openqa.selenium.SessionNotCreatedException: session not created
from chrome not reachable
  (Session info: chrome=80.0.3987.163)
Build info: version: '3.141.59', revision: 'e82be7d358', time: '2018-11-14T08:25:48'
System info: host: 'IVANA-TOSHIBA', ip: '192.168.0.10', os.name: 'Windows 7', os.arch: 'amd64', os.version: '6.1', java.version: '1.8.0_201'
Driver info: driver.version: ChromeDriver
remote stacktrace: Backtrace:
Ordinal0 [0x01430C83+1707139]
Ordinal0 [0x013968F1+1075441]
Ordinal0 [0x0130DE72+515698]
Ordinal0 [0x01307CA8+490664]
Ordinal0 [0x0130839B+492443]
Ordinal0 [0x013092F5+496373]
Ordinal0 [0x01304F05+478981]
Ordinal0 [0x0130ECA0+519328]
Ordinal0 [0x012BCA67+182887]
Ordinal0 [0x012BBDDD+179677]
Ordinal0 [0x012B9D4B+171339]
Ordinal0 [0x012A1D4A+73034]
Ordinal0 [0x012A2DC0+77248]
Ordinal0 [0x012A2D59+77145]
Ordinal0 [0x013ABB67+1162087]
GetHandleVerifier [0x014CA966+508998]
GetHandleVerifier [0x014CA6A4+508292]
GetHandleVerifier [0x014DF7B7+594583]
GetHandleVerifier [0x014CB1D6+511158]
Ordinal0 [0x013A402C+1130540]
Ordinal0 [0x013AD4CB+1168587]
Ordinal0 [0x013AD633+1168947]
Ordinal0 [0x013C5B35+1268533]
BaseThreadInitThunk [0x767D338A+18]
RtlInitializeExceptionChain [0x77469A02+99]
RtlInitializeExceptionChain [0x774699D5+54]

at sun.reflect.NativeConstructorAccessorImpl.newInstance0(Native Method)
at sun.reflect.NativeConstructorAccessorImpl.newInstance(NativeConstructorAccessorImpl.java:62)
at sun.reflect.DelegatingConstructorAccessorImpl.newInstance(DelegatingConstructorAccessorImpl.java:45)
at java.lang.reflect.Constructor.newInstance(Constructor.java:423)
at org.openqa.selenium.remote.W3CHandshakeResponse.lambda$errorHandler$0(W3CHandshakeResponse.java:62)
at org.openqa.selenium.remote.HandshakeResponse.lambda$getResponseFunction$0(HandshakeResponse.java:30)
at org.openqa.selenium.remote.ProtocolHandshake.lambda$createSession$0(ProtocolHandshake.java:126)
at java.util.stream.ReferencePipeline$3$1.accept(ReferencePipeline.java:193)
at java.util.Spliterators$ArraySpliterator.tryAdvance(Spliterators.java:958)
at java.util.stream.ReferencePipeline.forEachWithCancel(ReferencePipeline.java:126)
at java.util.stream.AbstractPipeline.copyIntoWithCancel(AbstractPipeline.java:498)
at java.util.stream.AbstractPipeline.copyInto(AbstractPipeline.java:485)
at java.util.stream.AbstractPipeline.wrapAndCopyInto(AbstractPipeline.java:471)
at java.util.stream.FindOps$FindOp.evaluateSequential(FindOps.java:152)
at java.util.stream.AbstractPipeline.evaluate(AbstractPipeline.java:234)
at java.util.stream.ReferencePipeline.findFirst(ReferencePipeline.java:464)
at org.openqa.selenium.remote.ProtocolHandshake.createSession(ProtocolHandshake.java:128)
at org.openqa.selenium.remote.ProtocolHandshake.createSession(ProtocolHandshake.java:74)
at org.openqa.selenium.remote.HttpCommandExecutor.execute(HttpCommandExecutor.java:136)
at org.openqa.selenium.remote.service.DriverCommandExecutor.execute(DriverCommandExecutor.java:83)
at org.openqa.selenium.remote.RemoteWebDriver.execute(RemoteWebDriver.java:552)
at org.openqa.selenium.remote.RemoteWebDriver.startSession(RemoteWebDriver.java:213)
at org.openqa.selenium.remote.RemoteWebDriver.<init>(RemoteWebDriver.java:131)
at org.openqa.selenium.chrome.ChromeDriver.<init>(ChromeDriver.java:181)
at org.openqa.selenium.chrome.ChromeDriver.<init>(ChromeDriver.java:168)
at org.openqa.selenium.chrome.ChromeDriver.<init>(ChromeDriver.java:123)
at TestLogin.openBrowser(TestLogin.java:15)
at sun.reflect.NativeMethodAccessorImpl.invoke0(Native Method)
at sun.reflect.NativeMethodAccessorImpl.invoke(NativeMethodAccessorImpl.java:62)
at sun.reflect.DelegatingMethodAccessorImpl.invoke(DelegatingMethodAccessorImpl.java:43)
at java.lang.reflect.Method.invoke(Method.java:498)
at org.testng.internal.MethodInvocationHelper.invokeMethod(MethodInvocationHelper.java:135)
at org.testng.internal.MethodInvocationHelper.invokeMethodConsideringTimeout(MethodInvocationHelper.java:64)
at org.testng.internal.ConfigInvoker.invokeConfigurationMethod(ConfigInvoker.java:364)
at org.testng.internal.ConfigInvoker.invokeConfigurations(ConfigInvoker.java:318)
at org.testng.internal.TestMethodWorker.invokeBeforeClassMethods(TestMethodWorker.java:176)
at org.testng.internal.TestMethodWorker.run(TestMethodWorker.java:122)
at java.util.ArrayList.forEach(ArrayList.java:1257)
at org.testng.TestRunner.privateRun(TestRunner.java:767)
at org.testng.TestRunner.run(TestRunner.java:588)
at org.testng.SuiteRunner.runTest(SuiteRunner.java:384)
at org.testng.SuiteRunner.runSequentially(SuiteRunner.java:378)
at org.testng.SuiteRunner.privateRun(SuiteRunner.java:337)
at org.testng.SuiteRunner.run(SuiteRunner.java:286)
at org.testng.SuiteRunnerWorker.runSuite(SuiteRunnerWorker.java:53)
at org.testng.SuiteRunnerWorker.run(SuiteRunnerWorker.java:96)
at org.testng.TestNG.runSuitesSequentially(TestNG.java:1214)
at org.testng.TestNG.runSuitesLocally(TestNG.java:1136)
at org.testng.TestNG.runSuites(TestNG.java:1066)
at org.testng.TestNG.run(TestNG.java:1034)
at org.testng.remote.AbstractRemoteTestNG.run(AbstractRemoteTestNG.java:115)
at org.testng.remote.RemoteTestNG.initAndRun(RemoteTestNG.java:251)
at org.testng.remote.RemoteTestNG.main(RemoteTestNG.java:77)
]]>
            </full-stacktrace>
          </exception> <!-- org.openqa.selenium.SessionNotCreatedException -->
          <reporter-output>
          </reporter-output>
        </test-method> <!-- loginTest -->
        <test-method status="SKIP" signature="closeSite()[pri:0, instance:TestLogin@1877ab81]" name="closeSite" is-config="true" duration-ms="-1586609231936" started-at="2020-04-11T14:47:11 CEST" finished-at="1970-01-01T01:00:00 CET">
          <reporter-output>
          </reporter-output>
        </test-method> <!-- closeSite -->
      </class> <!-- TestLogin -->
      <class name="TestWomenDresses">
        <test-method status="PASS" signature="openBrowser()[pri:0, instance:TestWomenDresses@2781e022]" name="openBrowser" is-config="true" duration-ms="5942" started-at="2020-04-11T14:45:59 CEST" finished-at="2020-04-11T14:46:05 CEST">
          <reporter-output>
          </reporter-output>
        </test-method> <!-- openBrowser -->
        <test-method status="PASS" signature="clickOnSummerDressesfromWomen()[pri:0, instance:TestWomenDresses@2781e022]" name="clickOnSummerDressesfromWomen" duration-ms="8198" started-at="2020-04-11T14:46:05 CEST" finished-at="2020-04-11T14:46:13 CEST">
          <reporter-output>
          </reporter-output>
        </test-method> <!-- clickOnSummerDressesfromWomen -->
        <test-method status="PASS" signature="clickOnSummerDressesfromDressess()[pri:1, instance:TestWomenDresses@2781e022]" name="clickOnSummerDressesfromDressess" duration-ms="3598" started-at="2020-04-11T14:46:13 CEST" finished-at="2020-04-11T14:46:17 CEST">
          <reporter-output>
          </reporter-output>
        </test-method> <!-- clickOnSummerDressesfromDressess -->
        <test-method status="PASS" signature="equalityURLFromWomenAndDressess()[pri:2, instance:TestWomenDresses@2781e022]" name="equalityURLFromWomenAndDressess" duration-ms="6565" started-at="2020-04-11T14:46:17 CEST" finished-at="2020-04-11T14:46:23 CEST">
          <reporter-output>
          </reporter-output>
        </test-method> <!-- equalityURLFromWomenAndDressess -->
        <test-method status="PASS" signature="closeSite()[pri:0, instance:TestWomenDresses@2781e022]" name="closeSite" is-config="true" duration-ms="826" started-at="2020-04-11T14:46:23 CEST" finished-at="2020-04-11T14:46:24 CEST">
          <reporter-output>
          </reporter-output>
        </test-method> <!-- closeSite -->
      </class> <!-- TestWomenDresses -->
    </test> <!-- ALL Tests -->
  </suite> <!-- TestNG Projekat -->
</testng-results>
