<?xml version="1.0" encoding="UTF-8"?>
<!-- Generated by org.testng.reporters.JUnitReportReporter -->
<testsuite skipped="1" hostname="Ivana-TOSHIBA" name="TestLogin" tests="2" failures="0" timestamp="2020-04-11T14:47:12 CEST" time="8.028" errors="1">
  <testcase name="loginTest" time="0.000" classname="TestLogin">
    <skipped/>
  </testcase> <!-- loginTest -->
  <system-out/>
  <testcase name="openBrowser" time="8.028" classname="TestLogin">
    <error type="org.openqa.selenium.SessionNotCreatedException" message="session not created
from chrome not reachable
  (Session info: chrome=80.0.3987.163)
Build info: version: &#039;3.141.59&#039;, revision: &#039;e82be7d358&#039;, time: &#039;2018-11-14T08:25:48&#039;
System info: host: &#039;IVANA-TOSHIBA&#039;, ip: &#039;192.168.0.10&#039;, os.name: &#039;Windows 7&#039;, os.arch: &#039;amd64&#039;, os.version: &#039;6.1&#039;, java.version: &#039;1.8.0_201&#039;
Driver info: driver.version: ChromeDriver
remote stacktrace: Backtrace:
	Ordinal0 [0x01430C83+1707139]
	Ordinal0 [0x013968F1+1075441]
	Ordinal0 [0x0130DE72+515698]
	Ordinal0 [0x01307CA8+490664]
	Ordinal0 [0x0130839B+492443]
	Ordinal0 [0x013092F5+496373]
	Ordinal0 [0x01304F05+478981]
	Ordinal0 [0x0130ECA0+519328]
	Ordinal0 [0x012BCA67+182887]
	Ordinal0 [0x012BBDDD+179677]
	Ordinal0 [0x012B9D4B+171339]
	Ordinal0 [0x012A1D4A+73034]
	Ordinal0 [0x012A2DC0+77248]
	Ordinal0 [0x012A2D59+77145]
	Ordinal0 [0x013ABB67+1162087]
	GetHandleVerifier [0x014CA966+508998]
	GetHandleVerifier [0x014CA6A4+508292]
	GetHandleVerifier [0x014DF7B7+594583]
	GetHandleVerifier [0x014CB1D6+511158]
	Ordinal0 [0x013A402C+1130540]
	Ordinal0 [0x013AD4CB+1168587]
	Ordinal0 [0x013AD633+1168947]
	Ordinal0 [0x013C5B35+1268533]
	BaseThreadInitThunk [0x767D338A+18]
	RtlInitializeExceptionChain [0x77469A02+99]
	RtlInitializeExceptionChain [0x774699D5+54]
">
      <![CDATA[org.openqa.selenium.SessionNotCreatedException: session not created
from chrome not reachable
  (Session info: chrome=80.0.3987.163)
Build info: version: '3.141.59', revision: 'e82be7d358', time: '2018-11-14T08:25:48'
System info: host: 'IVANA-TOSHIBA', ip: '192.168.0.10', os.name: 'Windows 7', os.arch: 'amd64', os.version: '6.1', java.version: '1.8.0_201'
Driver info: driver.version: ChromeDriver
remote stacktrace: Backtrace:
Ordinal0 [0x01430C83+1707139]
Ordinal0 [0x013968F1+1075441]
Ordinal0 [0x0130DE72+515698]
Ordinal0 [0x01307CA8+490664]
Ordinal0 [0x0130839B+492443]
Ordinal0 [0x013092F5+496373]
Ordinal0 [0x01304F05+478981]
Ordinal0 [0x0130ECA0+519328]
Ordinal0 [0x012BCA67+182887]
Ordinal0 [0x012BBDDD+179677]
Ordinal0 [0x012B9D4B+171339]
Ordinal0 [0x012A1D4A+73034]
Ordinal0 [0x012A2DC0+77248]
Ordinal0 [0x012A2D59+77145]
Ordinal0 [0x013ABB67+1162087]
GetHandleVerifier [0x014CA966+508998]
GetHandleVerifier [0x014CA6A4+508292]
GetHandleVerifier [0x014DF7B7+594583]
GetHandleVerifier [0x014CB1D6+511158]
Ordinal0 [0x013A402C+1130540]
Ordinal0 [0x013AD4CB+1168587]
Ordinal0 [0x013AD633+1168947]
Ordinal0 [0x013C5B35+1268533]
BaseThreadInitThunk [0x767D338A+18]
RtlInitializeExceptionChain [0x77469A02+99]
RtlInitializeExceptionChain [0x774699D5+54]

at sun.reflect.NativeConstructorAccessorImpl.newInstance0(Native Method)
at sun.reflect.NativeConstructorAccessorImpl.newInstance(NativeConstructorAccessorImpl.java:62)
at sun.reflect.DelegatingConstructorAccessorImpl.newInstance(DelegatingConstructorAccessorImpl.java:45)
at java.lang.reflect.Constructor.newInstance(Constructor.java:423)
at org.openqa.selenium.remote.W3CHandshakeResponse.lambda$errorHandler$0(W3CHandshakeResponse.java:62)
at org.openqa.selenium.remote.HandshakeResponse.lambda$getResponseFunction$0(HandshakeResponse.java:30)
at org.openqa.selenium.remote.ProtocolHandshake.lambda$createSession$0(ProtocolHandshake.java:126)
at java.util.stream.ReferencePipeline$3$1.accept(ReferencePipeline.java:193)
at java.util.Spliterators$ArraySpliterator.tryAdvance(Spliterators.java:958)
at java.util.stream.ReferencePipeline.forEachWithCancel(ReferencePipeline.java:126)
at java.util.stream.AbstractPipeline.copyIntoWithCancel(AbstractPipeline.java:498)
at java.util.stream.AbstractPipeline.copyInto(AbstractPipeline.java:485)
at java.util.stream.AbstractPipeline.wrapAndCopyInto(AbstractPipeline.java:471)
at java.util.stream.FindOps$FindOp.evaluateSequential(FindOps.java:152)
at java.util.stream.AbstractPipeline.evaluate(AbstractPipeline.java:234)
at java.util.stream.ReferencePipeline.findFirst(ReferencePipeline.java:464)
at org.openqa.selenium.remote.ProtocolHandshake.createSession(ProtocolHandshake.java:128)
at org.openqa.selenium.remote.ProtocolHandshake.createSession(ProtocolHandshake.java:74)
at org.openqa.selenium.remote.HttpCommandExecutor.execute(HttpCommandExecutor.java:136)
at org.openqa.selenium.remote.service.DriverCommandExecutor.execute(DriverCommandExecutor.java:83)
at org.openqa.selenium.remote.RemoteWebDriver.execute(RemoteWebDriver.java:552)
at org.openqa.selenium.remote.RemoteWebDriver.startSession(RemoteWebDriver.java:213)
at org.openqa.selenium.remote.RemoteWebDriver.<init>(RemoteWebDriver.java:131)
at org.openqa.selenium.chrome.ChromeDriver.<init>(ChromeDriver.java:181)
at org.openqa.selenium.chrome.ChromeDriver.<init>(ChromeDriver.java:168)
at org.openqa.selenium.chrome.ChromeDriver.<init>(ChromeDriver.java:123)
at TestLogin.openBrowser(TestLogin.java:15)
at sun.reflect.NativeMethodAccessorImpl.invoke0(Native Method)
at sun.reflect.NativeMethodAccessorImpl.invoke(NativeMethodAccessorImpl.java:62)
at sun.reflect.DelegatingMethodAccessorImpl.invoke(DelegatingMethodAccessorImpl.java:43)
at java.lang.reflect.Method.invoke(Method.java:498)
at org.testng.internal.MethodInvocationHelper.invokeMethod(MethodInvocationHelper.java:135)
at org.testng.internal.MethodInvocationHelper.invokeMethodConsideringTimeout(MethodInvocationHelper.java:64)
at org.testng.internal.ConfigInvoker.invokeConfigurationMethod(ConfigInvoker.java:364)
at org.testng.internal.ConfigInvoker.invokeConfigurations(ConfigInvoker.java:318)
at org.testng.internal.TestMethodWorker.invokeBeforeClassMethods(TestMethodWorker.java:176)
at org.testng.internal.TestMethodWorker.run(TestMethodWorker.java:122)
at java.util.ArrayList.forEach(ArrayList.java:1257)
at org.testng.TestRunner.privateRun(TestRunner.java:767)
at org.testng.TestRunner.run(TestRunner.java:588)
at org.testng.SuiteRunner.runTest(SuiteRunner.java:384)
at org.testng.SuiteRunner.runSequentially(SuiteRunner.java:378)
at org.testng.SuiteRunner.privateRun(SuiteRunner.java:337)
at org.testng.SuiteRunner.run(SuiteRunner.java:286)
at org.testng.SuiteRunnerWorker.runSuite(SuiteRunnerWorker.java:53)
at org.testng.SuiteRunnerWorker.run(SuiteRunnerWorker.java:96)
at org.testng.TestNG.runSuitesSequentially(TestNG.java:1214)
at org.testng.TestNG.runSuitesLocally(TestNG.java:1136)
at org.testng.TestNG.runSuites(TestNG.java:1066)
at org.testng.TestNG.run(TestNG.java:1034)
at org.testng.remote.AbstractRemoteTestNG.run(AbstractRemoteTestNG.java:115)
at org.testng.remote.RemoteTestNG.initAndRun(RemoteTestNG.java:251)
at org.testng.remote.RemoteTestNG.main(RemoteTestNG.java:77)
]]>
    </error>
  </testcase> <!-- openBrowser -->
  <system-out/>
</testsuite> <!-- TestLogin -->
